[debug] [2023-04-09T20:13:19.304Z] ----------------------------------------------------------------------
[debug] [2023-04-09T20:13:19.307Z] Command:       C:\Program Files\nodejs\node.exe C:\Program Files\nodejs\node_modules\firebase-tools\lib\bin\firebase.js init
[debug] [2023-04-09T20:13:19.308Z] CLI Version:   11.25.3
[debug] [2023-04-09T20:13:19.308Z] Platform:      win32
[debug] [2023-04-09T20:13:19.308Z] Node Version:  v18.14.2
[debug] [2023-04-09T20:13:19.309Z] Time:          Sun Apr 09 2023 15:13:19 GMT-0500 (hora estándar de Colombia)
[debug] [2023-04-09T20:13:19.309Z] ----------------------------------------------------------------------
[debug] 
[debug] [2023-04-09T20:13:19.324Z] > command requires scopes: ["email","openid","https://www.googleapis.com/auth/cloudplatformprojects.readonly","https://www.googleapis.com/auth/firebase","https://www.googleapis.com/auth/cloud-platform"]
[debug] [2023-04-09T20:13:19.325Z] > authorizing via signed-in user (walterjimenez.wj45@gmail.com)
[info] 
     ######## #### ########  ######## ########     ###     ######  ########
     ##        ##  ##     ## ##       ##     ##  ##   ##  ##       ##
     ######    ##  ########  ######   ########  #########  ######  ######
     ##        ##  ##    ##  ##       ##     ## ##     ##       ## ##
     ##       #### ##     ## ######## ########  ##     ##  ######  ########

You're about to initialize a Firebase project in this directory:

  C:\Users\Walter\Documents\Universidad\Platzi\AUTOMATA-FINITO-licona

[info] 
=== Project Setup
[info] 
[info] First, let's associate this project directory with a Firebase project.
[info] You can create multiple project aliases by running firebase use --add, 
[info] but for now we'll just set up a default project.
[info] 
[debug] [2023-04-09T20:13:59.962Z] >>> [apiv2][query] GET https://firebase.googleapis.com/v1beta1/projects pageSize=100
[debug] [2023-04-09T20:14:00.671Z] <<< [apiv2][status] GET https://firebase.googleapis.com/v1beta1/projects 200
[debug] [2023-04-09T20:14:00.671Z] <<< [apiv2][body] GET https://firebase.googleapis.com/v1beta1/projects [omitted]
[info] i  Using project automata-fb3f1 (Automata) 
[info] 
=== Database Setup
[info] i  database: ensuring required API firebasedatabase.googleapis.com is enabled... 
[debug] [2023-04-09T20:14:03.211Z] >>> [apiv2][query] GET https://serviceusage.googleapis.com/v1/projects/automata-fb3f1/services/firebasedatabase.googleapis.com [none]
[debug] [2023-04-09T20:14:03.211Z] >>> [apiv2][(partial)header] GET https://serviceusage.googleapis.com/v1/projects/automata-fb3f1/services/firebasedatabase.googleapis.com x-goog-quota-user=projects/automata-fb3f1
[debug] [2023-04-09T20:14:04.062Z] <<< [apiv2][status] GET https://serviceusage.googleapis.com/v1/projects/automata-fb3f1/services/firebasedatabase.googleapis.com 200
[debug] [2023-04-09T20:14:04.062Z] <<< [apiv2][body] GET https://serviceusage.googleapis.com/v1/projects/automata-fb3f1/services/firebasedatabase.googleapis.com [omitted]
[info] +  database: required API firebasedatabase.googleapis.com is enabled 
[info] 
[debug] [2023-04-09T20:14:04.066Z] >>> [apiv2][query] GET https://firebasedatabase.googleapis.com/v1beta/projects/automata-fb3f1/locations/-/instances/automata-fb3f1-default-rtdb [none]
[debug] [2023-04-09T20:14:04.692Z] <<< [apiv2][status] GET https://firebasedatabase.googleapis.com/v1beta/projects/automata-fb3f1/locations/-/instances/automata-fb3f1-default-rtdb 200
[debug] [2023-04-09T20:14:04.692Z] <<< [apiv2][body] GET https://firebasedatabase.googleapis.com/v1beta/projects/automata-fb3f1/locations/-/instances/automata-fb3f1-default-rtdb {"name":"projects/489840818341/locations/us-central1/instances/automata-fb3f1-default-rtdb","project":"projects/489840818341","databaseUrl":"https://automata-fb3f1-default-rtdb.firebaseio.com","type":"DEFAULT_DATABASE","state":"ACTIVE"}
[info] 
[info] Firebase Realtime Database Security Rules allow you to define how your data should be
[info] structured and when your data can be read from and written to.
[info] 
[debug] [2023-04-09T20:14:10.443Z] >>> [apiv2][query] GET https://automata-fb3f1-default-rtdb.firebaseio.com/.settings/rules.json [none]
[debug] [2023-04-09T20:14:10.984Z] <<< [apiv2][status] GET https://automata-fb3f1-default-rtdb.firebaseio.com/.settings/rules.json 200
[debug] [2023-04-09T20:14:10.984Z] <<< [apiv2][body] GET https://automata-fb3f1-default-rtdb.firebaseio.com/.settings/rules.json [stream]
[info] +  Database Rules for automata-fb3f1-default-rtdb have been written to database.rules.json. 
[info] Future modifications to database.rules.json will update Realtime Database Security Rules when you run
[info] firebase deploy.
[info] 
=== Firestore Setup
[debug] [2023-04-09T20:14:11.008Z] >>> [apiv2][query] GET https://serviceusage.googleapis.com/v1/projects/automata-fb3f1/services/firestore.googleapis.com [none]
[debug] [2023-04-09T20:14:11.008Z] >>> [apiv2][(partial)header] GET https://serviceusage.googleapis.com/v1/projects/automata-fb3f1/services/firestore.googleapis.com x-goog-quota-user=projects/automata-fb3f1
[debug] [2023-04-09T20:14:11.674Z] <<< [apiv2][status] GET https://serviceusage.googleapis.com/v1/projects/automata-fb3f1/services/firestore.googleapis.com 200
[debug] [2023-04-09T20:14:11.674Z] <<< [apiv2][body] GET https://serviceusage.googleapis.com/v1/projects/automata-fb3f1/services/firestore.googleapis.com [omitted]
[debug] [2023-04-09T20:14:11.675Z] >>> [apiv2][query] GET https://firestore.googleapis.com/v1/projects/automata-fb3f1/databases/(default) [none]
[debug] [2023-04-09T20:14:12.474Z] <<< [apiv2][status] GET https://firestore.googleapis.com/v1/projects/automata-fb3f1/databases/(default) 200
[debug] [2023-04-09T20:14:12.475Z] <<< [apiv2][body] GET https://firestore.googleapis.com/v1/projects/automata-fb3f1/databases/(default) {"name":"projects/automata-fb3f1/databases/(default)","uid":"8cde0ec0-4a1c-4413-a9e1-a63d14ca9d17","createTime":"2023-04-07T16:14:05.887020Z","updateTime":"2023-04-07T16:14:05.887020Z","locationId":"nam5","type":"FIRESTORE_NATIVE","concurrencyMode":"PESSIMISTIC","appEngineIntegrationMode":"DISABLED","keyPrefix":"s","deleteProtectionState":"DELETE_PROTECTION_DISABLED","etag":"IPfDyrbOnf4CMJTBteKWmP4C"}
[debug] [2023-04-09T20:14:12.476Z] database_type: FIRESTORE_NATIVE
[debug] [2023-04-09T20:14:12.478Z] > command requires scopes: ["email","openid","https://www.googleapis.com/auth/cloudplatformprojects.readonly","https://www.googleapis.com/auth/firebase","https://www.googleapis.com/auth/cloud-platform"]
[debug] [2023-04-09T20:14:12.480Z] > authorizing via signed-in user (walterjimenez.wj45@gmail.com)
[debug] [2023-04-09T20:14:12.480Z] [iam] checking project automata-fb3f1 for permissions ["firebase.projects.get"]
[debug] [2023-04-09T20:14:12.482Z] >>> [apiv2][query] POST https://cloudresourcemanager.googleapis.com/v1/projects/automata-fb3f1:testIamPermissions [none]
[debug] [2023-04-09T20:14:12.482Z] >>> [apiv2][(partial)header] POST https://cloudresourcemanager.googleapis.com/v1/projects/automata-fb3f1:testIamPermissions x-goog-quota-user=projects/automata-fb3f1
[debug] [2023-04-09T20:14:12.482Z] >>> [apiv2][body] POST https://cloudresourcemanager.googleapis.com/v1/projects/automata-fb3f1:testIamPermissions {"permissions":["firebase.projects.get"]}
[debug] [2023-04-09T20:14:13.176Z] <<< [apiv2][status] POST https://cloudresourcemanager.googleapis.com/v1/projects/automata-fb3f1:testIamPermissions 200
[debug] [2023-04-09T20:14:13.177Z] <<< [apiv2][body] POST https://cloudresourcemanager.googleapis.com/v1/projects/automata-fb3f1:testIamPermissions {"permissions":["firebase.projects.get"]}
[info] 
[info] Firestore Security Rules allow you to define how and when to allow
[info] requests. You can keep these rules in your project directory
[info] and publish them with firebase deploy.
[info] 
[debug] [2023-04-09T20:14:15.114Z] >>> [apiv2][query] GET https://firebaserules.googleapis.com/v1/projects/automata-fb3f1/releases pageSize=10&pageToken=
[debug] [2023-04-09T20:14:15.671Z] <<< [apiv2][status] GET https://firebaserules.googleapis.com/v1/projects/automata-fb3f1/releases 200
[debug] [2023-04-09T20:14:15.671Z] <<< [apiv2][body] GET https://firebaserules.googleapis.com/v1/projects/automata-fb3f1/releases {"releases":[{"name":"projects/automata-fb3f1/releases/cloud.firestore","rulesetName":"projects/automata-fb3f1/rulesets/e3e5853d-d50a-4b65-8bf7-dc1a7bb3adee","createTime":"2023-04-07T16:14:12.954705Z","updateTime":"2023-04-07T16:18:51.383636Z"}]}
[debug] [2023-04-09T20:14:15.671Z] Found ruleset: projects/automata-fb3f1/rulesets/e3e5853d-d50a-4b65-8bf7-dc1a7bb3adee
[debug] [2023-04-09T20:14:15.672Z] >>> [apiv2][query] GET https://firebaserules.googleapis.com/v1/projects/automata-fb3f1/rulesets/e3e5853d-d50a-4b65-8bf7-dc1a7bb3adee [none]
[debug] [2023-04-09T20:14:16.024Z] <<< [apiv2][status] GET https://firebaserules.googleapis.com/v1/projects/automata-fb3f1/rulesets/e3e5853d-d50a-4b65-8bf7-dc1a7bb3adee 200
[debug] [2023-04-09T20:14:16.025Z] <<< [apiv2][body] GET https://firebaserules.googleapis.com/v1/projects/automata-fb3f1/rulesets/e3e5853d-d50a-4b65-8bf7-dc1a7bb3adee [omitted]
[info] 
[info] Firestore indexes allow you to perform complex queries while
[info] maintaining performance that scales with the size of the result
[info] set. You can keep index definitions in your project directory
[info] and publish them with firebase deploy.
[info] 
[debug] [2023-04-09T20:14:17.554Z] >>> [apiv2][query] GET https://firestore.googleapis.com/v1/projects/automata-fb3f1/databases/(default)/collectionGroups/-/indexes [none]
[debug] [2023-04-09T20:14:17.557Z] >>> [apiv2][query] GET https://firestore.googleapis.com/v1/projects/automata-fb3f1/databases/(default)/collectionGroups/-/fields?filter=indexConfig.usesAncestorConfig=false OR ttlConfig:* [none]
[debug] [2023-04-09T20:14:18.270Z] <<< [apiv2][status] GET https://firestore.googleapis.com/v1/projects/automata-fb3f1/databases/(default)/collectionGroups/-/indexes 200
[debug] [2023-04-09T20:14:18.270Z] <<< [apiv2][body] GET https://firestore.googleapis.com/v1/projects/automata-fb3f1/databases/(default)/collectionGroups/-/indexes {}
[debug] [2023-04-09T20:14:18.338Z] <<< [apiv2][status] GET https://firestore.googleapis.com/v1/projects/automata-fb3f1/databases/(default)/collectionGroups/-/fields?filter=indexConfig.usesAncestorConfig=false OR ttlConfig:* 200
[debug] [2023-04-09T20:14:18.339Z] <<< [apiv2][body] GET https://firestore.googleapis.com/v1/projects/automata-fb3f1/databases/(default)/collectionGroups/-/fields?filter=indexConfig.usesAncestorConfig=false OR ttlConfig:* {"fields":[{"name":"projects/automata-fb3f1/databases/(default)/collectionGroups/__default__/fields/*","indexConfig":{"indexes":[{"queryScope":"COLLECTION","fields":[{"fieldPath":"*","order":"ASCENDING"}],"state":"READY"},{"queryScope":"COLLECTION","fields":[{"fieldPath":"*","order":"DESCENDING"}],"state":"READY"},{"queryScope":"COLLECTION","fields":[{"fieldPath":"*","arrayConfig":"CONTAINS"}],"state":"READY"}]}}]}
[info] 
=== Functions Setup
[debug] [2023-04-09T20:14:18.342Z] > command requires scopes: ["email","openid","https://www.googleapis.com/auth/cloudplatformprojects.readonly","https://www.googleapis.com/auth/firebase","https://www.googleapis.com/auth/cloud-platform"]
[debug] [2023-04-09T20:14:18.342Z] > authorizing via signed-in user (walterjimenez.wj45@gmail.com)
[debug] [2023-04-09T20:14:18.342Z] [iam] checking project automata-fb3f1 for permissions ["firebase.projects.get"]
[debug] [2023-04-09T20:14:18.343Z] >>> [apiv2][query] POST https://cloudresourcemanager.googleapis.com/v1/projects/automata-fb3f1:testIamPermissions [none]
[debug] [2023-04-09T20:14:18.343Z] >>> [apiv2][(partial)header] POST https://cloudresourcemanager.googleapis.com/v1/projects/automata-fb3f1:testIamPermissions x-goog-quota-user=projects/automata-fb3f1
[debug] [2023-04-09T20:14:18.343Z] >>> [apiv2][body] POST https://cloudresourcemanager.googleapis.com/v1/projects/automata-fb3f1:testIamPermissions {"permissions":["firebase.projects.get"]}
[debug] [2023-04-09T20:14:18.842Z] <<< [apiv2][status] POST https://cloudresourcemanager.googleapis.com/v1/projects/automata-fb3f1:testIamPermissions 200
[debug] [2023-04-09T20:14:18.843Z] <<< [apiv2][body] POST https://cloudresourcemanager.googleapis.com/v1/projects/automata-fb3f1:testIamPermissions {"permissions":["firebase.projects.get"]}
[debug] [2023-04-09T20:14:18.845Z] >>> [apiv2][query] GET https://serviceusage.googleapis.com/v1/projects/automata-fb3f1/services/cloudfunctions.googleapis.com [none]
[debug] [2023-04-09T20:14:18.845Z] >>> [apiv2][(partial)header] GET https://serviceusage.googleapis.com/v1/projects/automata-fb3f1/services/cloudfunctions.googleapis.com x-goog-quota-user=projects/automata-fb3f1
[debug] [2023-04-09T20:14:18.853Z] >>> [apiv2][query] GET https://serviceusage.googleapis.com/v1/projects/automata-fb3f1/services/runtimeconfig.googleapis.com [none]
[debug] [2023-04-09T20:14:18.854Z] >>> [apiv2][(partial)header] GET https://serviceusage.googleapis.com/v1/projects/automata-fb3f1/services/runtimeconfig.googleapis.com x-goog-quota-user=projects/automata-fb3f1
[debug] [2023-04-09T20:14:19.496Z] <<< [apiv2][status] GET https://serviceusage.googleapis.com/v1/projects/automata-fb3f1/services/runtimeconfig.googleapis.com 200
[debug] [2023-04-09T20:14:19.496Z] <<< [apiv2][body] GET https://serviceusage.googleapis.com/v1/projects/automata-fb3f1/services/runtimeconfig.googleapis.com [omitted]
[debug] [2023-04-09T20:14:19.497Z] <<< [apiv2][status] GET https://serviceusage.googleapis.com/v1/projects/automata-fb3f1/services/cloudfunctions.googleapis.com 200
[debug] [2023-04-09T20:14:19.497Z] <<< [apiv2][body] GET https://serviceusage.googleapis.com/v1/projects/automata-fb3f1/services/cloudfunctions.googleapis.com [omitted]
[debug] [2023-04-09T20:14:19.498Z] >>> [apiv2][query] POST https://serviceusage.googleapis.com/v1/projects/automata-fb3f1/services/cloudfunctions.googleapis.com:enable [none]
[debug] [2023-04-09T20:14:19.498Z] >>> [apiv2][(partial)header] POST https://serviceusage.googleapis.com/v1/projects/automata-fb3f1/services/cloudfunctions.googleapis.com:enable x-goog-quota-user=projects/automata-fb3f1
[debug] [2023-04-09T20:14:21.031Z] <<< [apiv2][status] POST https://serviceusage.googleapis.com/v1/projects/automata-fb3f1/services/cloudfunctions.googleapis.com:enable 200
[debug] [2023-04-09T20:14:21.031Z] <<< [apiv2][body] POST https://serviceusage.googleapis.com/v1/projects/automata-fb3f1/services/cloudfunctions.googleapis.com:enable [omitted]
[debug] [2023-04-09T20:14:31.043Z] >>> [apiv2][query] GET https://serviceusage.googleapis.com/v1/projects/automata-fb3f1/services/cloudfunctions.googleapis.com [none]
[debug] [2023-04-09T20:14:31.044Z] >>> [apiv2][(partial)header] GET https://serviceusage.googleapis.com/v1/projects/automata-fb3f1/services/cloudfunctions.googleapis.com x-goog-quota-user=projects/automata-fb3f1
[debug] [2023-04-09T20:14:31.721Z] <<< [apiv2][status] GET https://serviceusage.googleapis.com/v1/projects/automata-fb3f1/services/cloudfunctions.googleapis.com 200
[debug] [2023-04-09T20:14:31.721Z] <<< [apiv2][body] GET https://serviceusage.googleapis.com/v1/projects/automata-fb3f1/services/cloudfunctions.googleapis.com [omitted]
[info] Let's create a new codebase for your functions.
[info] A directory corresponding to the codebase will be created in your project
[info] with sample code pre-configured.

[info] See https://firebase.google.com/docs/functions/organize-functions for
[info] more information on organizing your functions using codebases.

[info] Functions can be deployed with firebase deploy.

[info] +  Wrote functions/package.json 
[info] +  Wrote functions/.eslintrc.js 
[info] +  Wrote functions/index.js 
[info] +  Wrote functions/.gitignore 
[info] 
=== Hosting Setup
[info] 
[info] Your public directory is the folder (relative to your project directory) that
[info] will contain Hosting assets to be uploaded with firebase deploy. If you
[info] have a build process for your assets, use your build's output directory.
[info] 
[debug] [2023-04-09T20:16:40.546Z] >>> [apiv2][query] GET https://www.gstatic.com/firebasejs/releases.json [none]
[debug] [2023-04-09T20:16:40.801Z] <<< [apiv2][status] GET https://www.gstatic.com/firebasejs/releases.json 200
[debug] [2023-04-09T20:16:40.802Z] <<< [apiv2][body] GET https://www.gstatic.com/firebasejs/releases.json {"current":{"version":"9.19.1","browserURL":"https://www.gstatic.com/firebasejs/9.19.1/firebase.js","packageURL":"https://www.gstatic.com/firebasejs/9.19.1/firebase.tgz"},"live":{"version":"9.19","browserURL":"https://www.gstatic.com/firebasejs/live/9.19/firebase.js","packageURL":"https://www.gstatic.com/firebasejs/live/9.19/firebase.tgz"},"components":{"analytics":"https://www.gstatic.com/firebasejs/9.19.1/firebase-analytics.js","app":"https://www.gstatic.com/firebasejs/9.19.1/firebase-app.js","app-check":"https://www.gstatic.com/firebasejs/9.19.1/firebase-app-check.js","auth":"https://www.gstatic.com/firebasejs/9.19.1/firebase-auth.js","auth/cordova":"https://www.gstatic.com/firebasejs/9.19.1/firebase-auth/cordova.js","auth/react-native":"https://www.gstatic.com/firebasejs/9.19.1/firebase-auth/react-native.js","functions":"https://www.gstatic.com/firebasejs/9.19.1/firebase-functions.js","firestore":"https://www.gstatic.com/firebasejs/9.19.1/firebase-firestore.js","firestore/lite":"https://www.gstatic.com/firebasejs/9.19.1/firebase-firestore/lite.js","installations":"https://www.gstatic.com/firebasejs/9.19.1/firebase-installations.js","storage":"https://www.gstatic.com/firebasejs/9.19.1/firebase-storage.js","performance":"https://www.gstatic.com/firebasejs/9.19.1/firebase-performance.js","remote-config":"https://www.gstatic.com/firebasejs/9.19.1/firebase-remote-config.js","messaging":"https://www.gstatic.com/firebasejs/9.19.1/firebase-messaging.js","messaging/sw":"https://www.gstatic.com/firebasejs/9.19.1/firebase-messaging/sw.js","database":"https://www.gstatic.com/firebasejs/9.19.1/firebase-database.js","firestore.memory":"https://www.gstatic.com/firebasejs/9.19.1/firebase-firestore.memory.js"}}
[info] +  Wrote public/index.html 
[info] 
[info] i  Detected a .git folder at C:\Users\Walter\Documents\Universidad\Platzi\AUTOMATA-FINITO-licona 
[info] i  Authorizing with GitHub to upload your service account to a GitHub repository's secrets store. 
[info] 
[info] Visit this URL on this device to log in:
[info] https://github.com/login/oauth/authorize?client_id=89cf50f02ac6aaed3484&state=342025058&redirect_uri=http%3A%2F%2Flocalhost%3A9005&scope=read%3Auser%20repo%20public_repo
[info] 
[info] Waiting for authentication...
[debug] [2023-04-09T20:17:11.538Z] >>> [apiv2][query] POST https://github.com/login/oauth/access_token [none]
[debug] [2023-04-09T20:17:11.540Z] >>> [apiv2][body] POST https://github.com/login/oauth/access_token [stream]
[debug] [2023-04-09T20:17:11.998Z] <<< [apiv2][status] POST https://github.com/login/oauth/access_token 200
[debug] [2023-04-09T20:17:11.998Z] <<< [apiv2][body] POST https://github.com/login/oauth/access_token {"access_token":"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","token_type":"bearer","scope":"read:user,repo"}
[debug] [2023-04-09T20:17:12.015Z] >>> [apiv2][query] GET https://api.github.com/user [none]
[debug] [2023-04-09T20:17:12.631Z] <<< [apiv2][status] GET https://api.github.com/user 200
[debug] [2023-04-09T20:17:12.632Z] <<< [apiv2][body] GET https://api.github.com/user {"login":"Privado11","id":82738585,"node_id":"MDQ6VXNlcjgyNzM4NTg1","avatar_url":"https://avatars.githubusercontent.com/u/82738585?v=4","gravatar_id":"","url":"https://api.github.com/users/Privado11","html_url":"https://github.com/Privado11","followers_url":"https://api.github.com/users/Privado11/followers","following_url":"https://api.github.com/users/Privado11/following{/other_user}","gists_url":"https://api.github.com/users/Privado11/gists{/gist_id}","starred_url":"https://api.github.com/users/Privado11/starred{/owner}{/repo}","subscriptions_url":"https://api.github.com/users/Privado11/subscriptions","organizations_url":"https://api.github.com/users/Privado11/orgs","repos_url":"https://api.github.com/users/Privado11/repos","events_url":"https://api.github.com/users/Privado11/events{/privacy}","received_events_url":"https://api.github.com/users/Privado11/received_events","type":"User","site_admin":false,"name":"Walter Jiménez","company":null,"blog":"","location":"Santa Marta, Colombia","email":null,"hireable":null,"bio":"Systems Engineering student and Frontend Developer.","twitter_username":null,"public_repos":5,"public_gists":0,"followers":2,"following":2,"created_at":"2021-04-18T00:50:37Z","updated_at":"2023-04-04T21:14:55Z","private_gists":0,"total_private_repos":1,"owned_private_repos":1,"disk_usage":7554,"collaborators":0,"two_factor_authentication":false,"plan":{"name":"pro","space":976562499,"collaborators":0,"private_repos":9999}}
[info] 
[info] +  Success! Logged into GitHub as Privado11 
[info] 
[debug] [2023-04-09T20:17:28.672Z] >>> [apiv2][query] GET https://api.github.com/repos//actions/secrets/public-key type=owner
[debug] [2023-04-09T20:17:29.057Z] <<< [apiv2][status] GET https://api.github.com/repos//actions/secrets/public-key 404
[debug] [2023-04-09T20:17:29.057Z] <<< [apiv2][body] GET https://api.github.com/repos//actions/secrets/public-key {"message":"Not Found","documentation_url":"https://docs.github.com/rest"}
[info] 
[info] 
[error] !  The provided authorization cannot be used with this repository. If this repository is in an organization, did you remember to grant access? 
[info] 
[info] i  Action required: Visit this URL to ensure access has been granted to the appropriate organization(s) for the Firebase CLI GitHub OAuth App: 
[info] https://github.com/settings/connections/applications/89cf50f02ac6aaed3484
[info] 
[debug] [2023-04-09T20:17:33.984Z] >>> [apiv2][query] GET https://api.github.com/repos//actions/secrets/public-key type=owner
[debug] [2023-04-09T20:17:34.302Z] <<< [apiv2][status] GET https://api.github.com/repos//actions/secrets/public-key 404
[debug] [2023-04-09T20:17:34.302Z] <<< [apiv2][body] GET https://api.github.com/repos//actions/secrets/public-key {"message":"Not Found","documentation_url":"https://docs.github.com/rest"}
[info] 
[info] 
[error] !  The provided authorization cannot be used with this repository. If this repository is in an organization, did you remember to grant access? 
[info] 
[info] i  Action required: Visit this URL to ensure access has been granted to the appropriate organization(s) for the Firebase CLI GitHub OAuth App: 
[info] https://github.com/settings/connections/applications/89cf50f02ac6aaed3484
[info] 
[debug] [2023-04-09T20:17:35.040Z] >>> [apiv2][query] GET https://api.github.com/repos//actions/secrets/public-key type=owner
[debug] [2023-04-09T20:17:35.387Z] <<< [apiv2][status] GET https://api.github.com/repos//actions/secrets/public-key 404
[debug] [2023-04-09T20:17:35.387Z] <<< [apiv2][body] GET https://api.github.com/repos//actions/secrets/public-key {"message":"Not Found","documentation_url":"https://docs.github.com/rest"}
[info] 
[info] 
[error] !  The provided authorization cannot be used with this repository. If this repository is in an organization, did you remember to grant access? 
[info] 
[info] i  Action required: Visit this URL to ensure access has been granted to the appropriate organization(s) for the Firebase CLI GitHub OAuth App: 
[info] https://github.com/settings/connections/applications/89cf50f02ac6aaed3484
[info] 
[debug] [2023-04-09T20:17:35.401Z] >>> [apiv2][query] GET https://api.github.com/repos//actions/secrets/public-key type=owner
[debug] [2023-04-09T20:17:35.518Z] >>> [apiv2][query] GET https://api.github.com/repos//actions/secrets/public-key type=owner
[debug] [2023-04-09T20:17:35.646Z] >>> [apiv2][query] GET https://api.github.com/repos//actions/secrets/public-key type=owner
[debug] [2023-04-09T20:17:35.735Z] <<< [apiv2][status] GET https://api.github.com/repos//actions/secrets/public-key 404
[debug] [2023-04-09T20:17:35.735Z] <<< [apiv2][body] GET https://api.github.com/repos//actions/secrets/public-key {"message":"Not Found","documentation_url":"https://docs.github.com/rest"}
[info] 
[info] 
[error] !  The provided authorization cannot be used with this repository. If this repository is in an organization, did you remember to grant access? 
[info] 
[info] i  Action required: Visit this URL to ensure access has been granted to the appropriate organization(s) for the Firebase CLI GitHub OAuth App: 
[info] https://github.com/settings/connections/applications/89cf50f02ac6aaed3484
[info] 
[debug] [2023-04-09T20:17:35.781Z] >>> [apiv2][query] GET https://api.github.com/repos//actions/secrets/public-key type=owner
[debug] [2023-04-09T20:17:35.888Z] <<< [apiv2][status] GET https://api.github.com/repos//actions/secrets/public-key 404
[debug] [2023-04-09T20:17:35.888Z] <<< [apiv2][body] GET https://api.github.com/repos//actions/secrets/public-key {"message":"Not Found","documentation_url":"https://docs.github.com/rest"}
[info] 
[info] 
[error] !  The provided authorization cannot be used with this repository. If this repository is in an organization, did you remember to grant access? 
[info] 
[info] i  Action required: Visit this URL to ensure access has been granted to the appropriate organization(s) for the Firebase CLI GitHub OAuth App: 
[info] https://github.com/settings/connections/applications/89cf50f02ac6aaed3484
[info] 
[debug] [2023-04-09T20:17:35.898Z] >>> [apiv2][query] GET https://api.github.com/repos//actions/secrets/public-key type=owner
[debug] [2023-04-09T20:17:36.001Z] <<< [apiv2][status] GET https://api.github.com/repos//actions/secrets/public-key 404
[debug] [2023-04-09T20:17:36.001Z] <<< [apiv2][body] GET https://api.github.com/repos//actions/secrets/public-key {"message":"Not Found","documentation_url":"https://docs.github.com/rest"}
[info] 
[info] 
[error] !  The provided authorization cannot be used with this repository. If this repository is in an organization, did you remember to grant access? 
[info] 
[info] i  Action required: Visit this URL to ensure access has been granted to the appropriate organization(s) for the Firebase CLI GitHub OAuth App: 
[info] https://github.com/settings/connections/applications/89cf50f02ac6aaed3484
[info] 
[debug] [2023-04-09T20:17:36.012Z] >>> [apiv2][query] GET https://api.github.com/repos//actions/secrets/public-key type=owner
[debug] [2023-04-09T20:17:36.106Z] <<< [apiv2][status] GET https://api.github.com/repos//actions/secrets/public-key 404
[debug] [2023-04-09T20:17:36.107Z] <<< [apiv2][body] GET https://api.github.com/repos//actions/secrets/public-key {"message":"Not Found","documentation_url":"https://docs.github.com/rest"}
[info] 
[info] 
[error] !  The provided authorization cannot be used with this repository. If this repository is in an organization, did you remember to grant access? 
[info] 
[info] i  Action required: Visit this URL to ensure access has been granted to the appropriate organization(s) for the Firebase CLI GitHub OAuth App: 
[info] https://github.com/settings/connections/applications/89cf50f02ac6aaed3484
[info] 
[debug] [2023-04-09T20:17:36.127Z] >>> [apiv2][query] GET https://api.github.com/repos//actions/secrets/public-key type=owner
[debug] [2023-04-09T20:17:36.224Z] <<< [apiv2][status] GET https://api.github.com/repos//actions/secrets/public-key 404
[debug] [2023-04-09T20:17:36.224Z] <<< [apiv2][body] GET https://api.github.com/repos//actions/secrets/public-key {"message":"Not Found","documentation_url":"https://docs.github.com/rest"}
[info] 
[info] 
[error] !  The provided authorization cannot be used with this repository. If this repository is in an organization, did you remember to grant access? 
[info] 
[info] i  Action required: Visit this URL to ensure access has been granted to the appropriate organization(s) for the Firebase CLI GitHub OAuth App: 
[info] https://github.com/settings/connections/applications/89cf50f02ac6aaed3484
[info] 
[debug] [2023-04-09T20:17:36.247Z] >>> [apiv2][query] GET https://api.github.com/repos//actions/secrets/public-key type=owner
[debug] [2023-04-09T20:17:36.360Z] <<< [apiv2][status] GET https://api.github.com/repos//actions/secrets/public-key 404
[debug] [2023-04-09T20:17:36.360Z] <<< [apiv2][body] GET https://api.github.com/repos//actions/secrets/public-key {"message":"Not Found","documentation_url":"https://docs.github.com/rest"}
[info] 
[info] 
[error] !  The provided authorization cannot be used with this repository. If this repository is in an organization, did you remember to grant access? 
[info] 
[info] i  Action required: Visit this URL to ensure access has been granted to the appropriate organization(s) for the Firebase CLI GitHub OAuth App: 
[info] https://github.com/settings/connections/applications/89cf50f02ac6aaed3484
[info] 
[debug] [2023-04-09T20:17:36.483Z] <<< [apiv2][status] GET https://api.github.com/repos//actions/secrets/public-key 404
[debug] [2023-04-09T20:17:36.483Z] <<< [apiv2][body] GET https://api.github.com/repos//actions/secrets/public-key {"message":"Not Found","documentation_url":"https://docs.github.com/rest"}
[info] 
[info] 
[error] !  The provided authorization cannot be used with this repository. If this repository is in an organization, did you remember to grant access? 
[info] 
[info] i  Action required: Visit this URL to ensure access has been granted to the appropriate organization(s) for the Firebase CLI GitHub OAuth App: 
[info] https://github.com/settings/connections/applications/89cf50f02ac6aaed3484
[info] 
[debug] [2023-04-09T20:17:36.569Z] <<< [apiv2][status] GET https://api.github.com/repos//actions/secrets/public-key 404
[debug] [2023-04-09T20:17:36.569Z] <<< [apiv2][body] GET https://api.github.com/repos//actions/secrets/public-key {"message":"Not Found","documentation_url":"https://docs.github.com/rest"}
[info] 
[info] 
[error] !  The provided authorization cannot be used with this repository. If this repository is in an organization, did you remember to grant access? 
[info] 
[info] i  Action required: Visit this URL to ensure access has been granted to the appropriate organization(s) for the Firebase CLI GitHub OAuth App: 
[info] https://github.com/settings/connections/applications/89cf50f02ac6aaed3484
[info] 
